<?xml version="1.0" encoding="UTF-8"?>
<testsuite xmlns:xsi="http://www.w3.org/2001/XMLSchema-instance" xsi:noNamespaceSchemaLocation="https://maven.apache.org/surefire/maven-surefire-plugin/xsd/surefire-test-report-3.0.xsd" version="3.0" name="com.arete.webapi.AreteWebApiApplicationTests" time="21.84" tests="1" errors="0" skipped="0" failures="0">
  <properties>
[...]
</properties>
  <testcase name="contextLoads" classname="com.arete.webapi.AreteWebApiApplicationTests" time="1.448">
    <system-out><![CDATA[21:46:13.684 [main] INFO org.springframework.test.context.support.AnnotationConfigContextLoaderUtils -- Could not detect default configuration classes for test class [com.arete.webapi.AreteWebApiApplicationTests]: AreteWebApiApplicationTests does not declare any static, non-private, non-final, nested classes annotated with @Configuration.
21:46:14.636 [main] INFO org.springframework.boot.test.context.SpringBootTestContextBootstrapper -- Found @SpringBootConfiguration com.arete.webapi.AreteWebApiApplication for test class com.arete.webapi.AreteWebApiApplicationTests

  .   ____          _            __ _ _
 /\\ / ___'_ __ _ _(_)_ __  __ _ \ \ \ \
( ( )\___ | '_ | '_| | '_ \/ _` | \ \ \ \
 \\/  ___)| |_)| | | | | || (_| |  ) ) ) )
  '  |____| .__|_| |_|_| |_\__, | / / / /
 =========|_|==============|___/=/_/_/_/

 :: Spring Boot ::                (v3.3.4)

2026-04-26T21:46:17.417+02:00  INFO 21116 --- [           main] c.a.webapi.AreteWebApiApplicationTests   : Starting AreteWebApiApplicationTests using Java 17.0.16 with PID 21116 (started by sundeep.bansi.oberoi in C:\Projects\arete-vsc\arete-web-api)
2026-04-26T21:46:17.422+02:00  INFO 21116 --- [           main] c.a.webapi.AreteWebApiApplicationTests   : The following 1 profile is active: "test"
2026-04-26T21:46:21.918+02:00  INFO 21116 --- [           main] .s.d.r.c.RepositoryConfigurationDelegate : Bootstrapping Spring Data JPA repositories in DEFAULT mode.
2026-04-26T21:46:22.763+02:00  INFO 21116 --- [           main] .s.d.r.c.RepositoryConfigurationDelegate : Finished Spring Data repository scanning in 741 ms. Found 2 JPA repository interfaces.
2026-04-26T21:46:25.010+02:00  INFO 21116 --- [           main] o.hibernate.jpa.internal.util.LogHelper  : HHH000204: Processing PersistenceUnitInfo [name: default]
2026-04-26T21:46:25.289+02:00  INFO 21116 --- [           main] org.hibernate.Version                    : HHH000412: Hibernate ORM core version 6.5.3.Final
2026-04-26T21:46:25.400+02:00  INFO 21116 --- [           main] o.h.c.internal.RegionFactoryInitiator    : HHH000026: Second-level cache disabled
2026-04-26T21:46:26.506+02:00  INFO 21116 --- [           main] o.s.o.j.p.SpringPersistenceUnitInfo      : No LoadTimeWeaver setup: ignoring JPA class transformer
2026-04-26T21:46:26.631+02:00  INFO 21116 --- [           main] com.zaxxer.hikari.HikariDataSource       : HikariPool-1 - Starting...
2026-04-26T21:46:27.452+02:00  INFO 21116 --- [           main] com.zaxxer.hikari.pool.HikariPool        : HikariPool-1 - Added connection conn0: url=jdbc:h2:mem:testdb user=SA
2026-04-26T21:46:27.452+02:00  INFO 21116 --- [           main] com.zaxxer.hikari.HikariDataSource       : HikariPool-1 - Start completed.
2026-04-26T21:46:27.536+02:00  WARN 21116 --- [           main] org.hibernate.orm.deprecation            : HHH90000025: H2Dialect does not need to be specified explicitly using 'hibernate.dialect' (remove the property setting and it will be selected by default)
2026-04-26T21:46:29.369+02:00  INFO 21116 --- [           main] o.h.e.t.j.p.i.JtaPlatformInitiator       : HHH000489: No JTA platform available (set 'hibernate.transaction.jta.platform' to enable JTA platform integration)
2026-04-26T21:46:29.369+02:00  INFO 21116 --- [           main] j.LocalContainerEntityManagerFactoryBean : Initialized JPA EntityManagerFactory for persistence unit 'default'
2026-04-26T21:46:30.457+02:00  WARN 21116 --- [           main] c.arete.webapi.service.AiModelService    : MODEL_API_URL not configured — AI model calls will fail at runtime
2026-04-26T21:46:30.480+02:00  INFO 21116 --- [           main] com.arete.webapi.config.DatabaseConfig   : Database initialization configured (reinitialize=false)
2026-04-26T21:46:31.026+02:00  WARN 21116 --- [           main] JpaBaseConfiguration$JpaWebConfiguration : spring.jpa.open-in-view is enabled by default. Therefore, database queries may be performed during view rendering. Explicitly configure spring.jpa.open-in-view to disable this warning
2026-04-26T21:46:32.905+02:00  INFO 21116 --- [           main] o.s.b.a.e.web.EndpointLinksResolver      : Exposing 1 endpoint beneath base path '/actuator'
2026-04-26T21:46:33.066+02:00  INFO 21116 --- [           main] c.a.webapi.AreteWebApiApplicationTests   : Started AreteWebApiApplicationTests in 17.581 seconds (process running for 22.163)
]]></system-out>
  </testcase>
</testsuite>