<?xml version="1.0" encoding="UTF-8"?>
<testsuite xmlns:xsi="http://www.w3.org/2001/XMLSchema-instance" xsi:noNamespaceSchemaLocation="https://maven.apache.org/surefire/maven-surefire-plugin/xsd/surefire-test-report-3.0.xsd" version="3.0" name="com.arete.webapi.service.FormServiceTest" time="1.744" tests="8" errors="0" skipped="0" failures="0">
  <properties>
[...]
</properties>
  <testcase name="calculateOffer_buildsCoverageDetails_forProgressiveOptical" classname="com.arete.webapi.service.FormServiceTest" time="1.48">
    <system-out><![CDATA[2026-04-25T22:17:19.424+02:00  INFO 24280 --- [           main] com.arete.webapi.service.FormService     : Calculating offer for profile=employee, age=35
2026-04-25T22:17:19.424+02:00 DEBUG 24280 --- [           main] com.arete.webapi.service.FormService     : Saved offer record with form_number=7fd64b1e-23cf-41ec-baa5-8a67c9268456
]]></system-out>
  </testcase>
  <testcase name="calculateOffer_buildsCoverageDetails_forOpticalNothing" classname="com.arete.webapi.service.FormServiceTest" time="0.002">
    <system-out><![CDATA[2026-04-25T22:17:20.220+02:00  INFO 24280 --- [           main] com.arete.webapi.service.FormService     : Calculating offer for profile=employee, age=35
2026-04-25T22:17:20.220+02:00 DEBUG 24280 --- [           main] com.arete.webapi.service.FormService     : Saved offer record with form_number=e52d675e-dd6f-460a-ad70-e4cb08ec5785
]]></system-out>
  </testcase>
  <testcase name="calculateOffer_savesPremiumsToDatabase" classname="com.arete.webapi.service.FormServiceTest" time="0.084">
    <system-out><![CDATA[2026-04-25T22:17:20.235+02:00  INFO 24280 --- [           main] com.arete.webapi.service.FormService     : Calculating offer for profile=employee, age=35
2026-04-25T22:17:20.237+02:00 DEBUG 24280 --- [           main] com.arete.webapi.service.FormService     : Saved offer record with form_number=1ba34a72-77f7-43ef-ae73-45637b770b35
]]></system-out>
  </testcase>
  <testcase name="calculateOffer_buildsCoverageDetails_forAllFields" classname="com.arete.webapi.service.FormServiceTest" time="0.024">
    <system-out><![CDATA[2026-04-25T22:17:20.308+02:00  INFO 24280 --- [           main] com.arete.webapi.service.FormService     : Calculating offer for profile=employee, age=35
2026-04-25T22:17:20.308+02:00 DEBUG 24280 --- [           main] com.arete.webapi.service.FormService     : Saved offer record with form_number=bb450396-364b-4281-9ad7-80e4b10ca414
]]></system-out>
  </testcase>
  <testcase name="calculateOffer_buildsCoverageDetails_forSurgeryOptical" classname="com.arete.webapi.service.FormServiceTest" time="0.004">
    <system-out><![CDATA[2026-04-25T22:17:20.333+02:00  INFO 24280 --- [           main] com.arete.webapi.service.FormService     : Calculating offer for profile=employee, age=35
2026-04-25T22:17:20.333+02:00 DEBUG 24280 --- [           main] com.arete.webapi.service.FormService     : Saved offer record with form_number=d7b9d2b3-7dda-4224-bc96-6cca5b7b4a8f
]]></system-out>
  </testcase>
  <testcase name="calculateOffer_handlesNullOptionalFields" classname="com.arete.webapi.service.FormServiceTest" time="0.015">
    <system-out><![CDATA[2026-04-25T22:17:20.333+02:00  INFO 24280 --- [           main] com.arete.webapi.service.FormService     : Calculating offer for profile=employee, age=35
2026-04-25T22:17:20.348+02:00 DEBUG 24280 --- [           main] com.arete.webapi.service.FormService     : Saved offer record with form_number=f48850f0-c992-415d-a083-534ba6cda06c
]]></system-out>
  </testcase>
  <testcase name="calculateOffer_returnsFixedPremiums" classname="com.arete.webapi.service.FormServiceTest" time="0.08">
    <system-out><![CDATA[2026-04-25T22:17:20.372+02:00  INFO 24280 --- [           main] com.arete.webapi.service.FormService     : Calculating offer for profile=employee, age=35
2026-04-25T22:17:20.372+02:00 DEBUG 24280 --- [           main] com.arete.webapi.service.FormService     : Saved offer record with form_number=951434f7-4dcd-4746-bbb7-8757bdbbaacf
]]></system-out>
  </testcase>
  <testcase name="saveLeaveEmail_savesRecordWithEmailAndFormNumber" classname="com.arete.webapi.service.FormServiceTest" time="0.011">
    <system-out><![CDATA[2026-04-25T22:17:20.442+02:00  INFO 24280 --- [           main] com.arete.webapi.service.FormService     : Saving form state for email: test@example.com
2026-04-25T22:17:20.443+02:00 DEBUG 24280 --- [           main] com.arete.webapi.service.FormService     : Saved form record with form_number=b3fbab30-ec7d-44f8-a25a-1b2afeb72670
]]></system-out>
  </testcase>
</testsuite>